-------------------------------------------------------------------------------
Test set: testNgMavenExample1.TestNgMavenExampleTest
-------------------------------------------------------------------------------
Tests run: 2, Failures: 1, Errors: 0, Skipped: 0, Time elapsed: 0.785 sec <<< FAILURE!
foo(testNgMavenExample1.TestNgMavenExampleTest)  Time elapsed: 0.003 sec  <<< FAILURE!
java.lang.AssertionError: expected [foo] but found [1.0]
	at org.testng.Assert.fail(Assert.java:94)
	at org.testng.Assert.failNotEquals(Assert.java:494)
	at org.testng.Assert.assertEquals(Assert.java:123)
	at org.testng.Assert.assertEquals(Assert.java:165)
	at testNgMavenExample1.TestNgMavenExampleTest.foo(TestNgMavenExampleTest.java:15)

